2025-05-12T17:55:19.114Z [info]: Serveur HTTPS démarré sur https://localhost:3000
2025-05-12T17:55:21.033Z [info]: 2025-05-12T17:55:21.033Z - Nom: -, Email: -
2025-05-12T17:55:48.656Z [info]: Serveur HTTPS démarré sur https://localhost:3000
2025-05-12T17:55:50.406Z [info]: 2025-05-12T17:55:50.406Z - Nom: -, Email: -
2025-05-12T17:56:00.709Z [info]: Utilisateur admin connecté avec succès
2025-05-12T17:56:00.718Z [info]: 2025-05-12T17:56:00.718Z - Nom: -, Email: -
2025-05-12T17:56:00.740Z [info]: 2025-05-12T17:56:00.740Z - Nom: -, Email: -
2025-05-12T18:33:04.647Z [info]: Serveur HTTPS démarré sur https://localhost:3000
2025-05-12T18:33:07.096Z [info]: 2025-05-12T18:33:07.095Z - Nom: -, Email: -
2025-05-12T18:33:16.612Z [info]: Utilisateur admin connecté avec succès
2025-05-12T18:33:16.615Z [info]: 2025-05-12T18:33:16.615Z - Nom: -, Email: -
2025-05-12T18:33:16.631Z [info]: 2025-05-12T18:33:16.631Z - Nom: -, Email: -
2025-05-12T18:33:28.458Z [info]: Nom: badre | Email: dih@gmail.com | Message haché: $2b$10$5W91XGzv570pgOsu8lrvyOQ1XGR/kS4ok9ENam7V7o5OqBUk8b7RO
2025-05-12T18:33:28.467Z [info]: 2025-05-12T18:33:28.467Z - Nom: badre, Email: dih@gmail.com
2025-05-12T18:34:46.282Z [info]: Serveur HTTPS démarré sur https://localhost:3000
2025-05-12T18:34:48.764Z [info]: 2025-05-12T18:34:48.764Z - Nom: -, Email: -
2025-05-12T18:34:57.664Z [info]: Utilisateur admin connecté avec succès
2025-05-12T18:34:57.667Z [info]: 2025-05-12T18:34:57.667Z - Nom: -, Email: -
2025-05-12T18:34:57.683Z [info]: 2025-05-12T18:34:57.683Z - Nom: -, Email: -
2025-05-12T18:38:24.716Z [info]: Serveur HTTPS démarré sur https://localhost:3000
2025-05-12T18:38:26.534Z [info]: 2025-05-12T18:38:26.534Z - Nom: -, Email: -
2025-05-12T18:38:35.544Z [info]: 2025-05-12T18:38:35.544Z - Nom: -, Email: -
2025-05-12T18:38:35.562Z [info]: 2025-05-12T18:38:35.562Z - Nom: -, Email: -
2025-05-12T18:41:51.106Z [info]: 2025-05-12T18:41:51.106Z - Nom: -, Email: -
2025-05-12T18:48:35.673Z [info]: Serveur HTTPS démarré sur https://localhost:3000
2025-05-12T18:48:37.497Z [info]: 2025-05-12T18:48:37.497Z - Nom: -, Email: -
2025-05-12T18:48:52.377Z [info]: Serveur HTTPS démarré sur https://localhost:3000
2025-05-12T18:48:56.722Z [info]: 2025-05-12T18:48:56.722Z - Nom: -, Email: -
2025-05-12T18:49:13.390Z [info]: 2025-05-12T18:49:13.390Z - Nom: -, Email: -
2025-05-12T18:49:34.123Z [info]: 2025-05-12T18:49:34.123Z - Nom: -, Email: -
2025-05-12T18:49:44.525Z [info]: Utilisateur admin connecté avec succès
2025-05-12T18:49:44.530Z [info]: 2025-05-12T18:49:44.530Z - Nom: -, Email: -
2025-05-12T18:49:44.548Z [info]: 2025-05-12T18:49:44.548Z - Nom: -, Email: -
2025-05-12T18:49:49.416Z [info]: 2025-05-12T18:49:49.416Z - Nom: -, Email: -
2025-05-12T18:50:42.681Z [info]: Serveur HTTPS démarré sur https://localhost:3000
2025-05-12T18:50:44.392Z [info]: 2025-05-12T18:50:44.392Z - Nom: -, Email: -
2025-05-12T18:50:59.305Z [info]: Utilisateur admin connecté avec succès
2025-05-12T18:50:59.310Z [info]: 2025-05-12T18:50:59.310Z - Nom: -, Email: -
2025-05-12T18:50:59.328Z [info]: 2025-05-12T18:50:59.328Z - Nom: -, Email: -
2025-05-12T18:51:04.604Z [info]: 2025-05-12T18:51:04.604Z - Nom: -, Email: -
2025-05-12T18:52:20.613Z [info]: 2025-05-12T18:52:20.613Z - Nom: -, Email: -
2025-05-12T18:52:20.659Z [info]: 2025-05-12T18:52:20.659Z - Nom: -, Email: -
2025-05-12T18:54:12.701Z [info]: Serveur HTTPS démarré sur https://localhost:3000
2025-05-12T18:54:44.723Z [info]: Serveur HTTPS démarré sur https://localhost:3000
2025-05-12T18:59:45.486Z [info]: Serveur HTTPS démarré sur https://localhost:3000
2025-05-12T18:59:47.402Z [info]: 2025-05-12T18:59:47.402Z - Nom: -, Email: -
2025-05-12T19:00:01.011Z [info]: 2025-05-12T19:00:01.011Z - Nom: -, Email: -
2025-05-12T19:01:11.345Z [info]: Serveur HTTPS démarré sur https://localhost:3000
2025-05-12T19:01:13.212Z [info]: 2025-05-12T19:01:13.212Z - Nom: -, Email: -
2025-05-12T19:01:21.913Z [info]: Utilisateur admin connecté avec succès
2025-05-12T19:01:21.920Z [info]: 2025-05-12T19:01:21.920Z - Nom: -, Email: -
2025-05-12T19:01:21.940Z [info]: 2025-05-12T19:01:21.940Z - Nom: -, Email: -
2025-05-12T19:03:00.536Z [info]: 2025-05-12T19:03:00.536Z - Nom: -, Email: -
2025-05-12T19:05:57.547Z [info]: Serveur HTTPS démarré sur https://localhost:3000
2025-05-12T19:05:59.312Z [info]: 2025-05-12T19:05:59.312Z - Nom: -, Email: -
2025-05-12T19:06:07.213Z [info]: 2025-05-12T19:06:07.213Z - Nom: -, Email: -
2025-05-12T19:06:11.001Z [info]: 2025-05-12T19:06:11.001Z - Nom: -, Email: -
2025-05-12T19:07:47.005Z [info]: Serveur HTTPS démarré sur https://localhost:3000
2025-05-12T19:07:48.851Z [info]: 2025-05-12T19:07:48.851Z - Nom: -, Email: -
2025-05-12T19:08:28.545Z [info]: 2025-05-12T19:08:28.545Z - Nom: -, Email: -
2025-05-12T19:08:28.564Z [info]: 2025-05-12T19:08:28.564Z - Nom: -, Email: -
2025-05-12T19:11:57.215Z [info]: Serveur HTTPS démarré sur https://localhost:3000
2025-05-12T19:11:59.036Z [info]: 2025-05-12T19:11:59.036Z - Nom: -, Email: -
2025-05-12T19:12:19.271Z [info]: Utilisateur admin connecté avec succès
2025-05-12T19:12:19.277Z [info]: 2025-05-12T19:12:19.277Z - Nom: -, Email: -
2025-05-12T19:12:19.295Z [info]: 2025-05-12T19:12:19.295Z - Nom: -, Email: -
2025-05-12T19:14:27.730Z [info]: Serveur HTTPS démarré sur https://localhost:3000
2025-05-12T19:14:29.577Z [info]: 2025-05-12T19:14:29.576Z - Nom: -, Email: -
2025-05-12T19:14:51.537Z [info]: Utilisateur admin connecté avec succès
2025-05-12T19:14:51.542Z [info]: 2025-05-12T19:14:51.542Z - Nom: -, Email: -
2025-05-12T19:14:51.555Z [info]: 2025-05-12T19:14:51.555Z - Nom: -, Email: -
2025-05-12T19:15:11.844Z [info]: Nom: badre | Email: ej@gmail.com | Message haché: $2b$10$GXe0YLE2C67sIKk8XHsgHug/9/acTtPCOwNp2vBNonAUKtND6/MZS
2025-05-12T19:15:11.848Z [info]: 2025-05-12T19:15:11.848Z - Nom: badre, Email: ej@gmail.com
2025-05-12T19:19:07.829Z [info]: Serveur HTTPS démarré sur https://localhost:3000
2025-05-12T19:19:10.333Z [info]: 2025-05-12T19:19:10.333Z - Nom: -, Email: -
2025-05-12T19:19:44.723Z [info]: Utilisateur admin connecté avec succès
2025-05-12T19:19:44.726Z [info]: 2025-05-12T19:19:44.726Z - Nom: -, Email: -
2025-05-12T19:19:44.744Z [info]: 2025-05-12T19:19:44.744Z - Nom: -, Email: -
2025-05-12T19:20:22.835Z [info]: Nom: rrrrrrrrr | Email: rrrrrrrrr@gmail.com | Message haché: $2b$10$toRBA1BPcFJrrpQTxBFW2OXENNTeB7JapDJLWQDF3P8UeTSSkqFI.
2025-05-12T19:20:22.842Z [info]: 2025-05-12T19:20:22.842Z - Nom: rrrrrrrrr, Email: rrrrrrrrr@gmail.com
2025-05-12T19:28:16.936Z [info]: Serveur HTTPS démarré sur https://localhost:3000
2025-05-12T19:28:19.381Z [info]: 2025-05-12T19:28:19.381Z - Nom: -, Email: -
2025-05-12T19:29:45.022Z [info]: 2025-05-12T19:29:45.022Z - Nom: -, Email: -
2025-05-12T19:30:02.772Z [info]: Utilisateur admin connecté avec succès
2025-05-12T19:30:02.778Z [info]: 2025-05-12T19:30:02.778Z - Nom: -, Email: -
2025-05-12T19:30:02.793Z [info]: 2025-05-12T19:30:02.793Z - Nom: -, Email: -
2025-05-12T19:30:28.998Z [info]: Nom: mmmmmmmmm | Email: mm@gmail.com | Message haché: $2b$10$qvwtlgXJLq.dFvtUH6qoO.sZxqBkelAXisYb4DgAYGIkNS3WlQXla
2025-05-12T19:30:29.004Z [info]: 2025-05-12T19:30:29.004Z - Nom: mmmmmmmmm, Email: mm@gmail.com
2025-05-12T19:33:27.857Z [info]: Serveur HTTPS démarré sur https://localhost:3000
2025-05-12T19:33:29.424Z [info]: 2025-05-12T19:33:29.424Z - Nom: -, Email: -
2025-05-12T19:34:02.771Z [info]: Utilisateur admin connecté avec succès
2025-05-12T19:34:02.778Z [info]: 2025-05-12T19:34:02.778Z - Nom: -, Email: -
2025-05-12T19:34:02.798Z [info]: 2025-05-12T19:34:02.798Z - Nom: -, Email: -
2025-05-12T19:34:07.031Z [info]: 2025-05-12T19:34:07.031Z - Nom: -, Email: -
2025-05-12T19:34:07.038Z [info]: 2025-05-12T19:34:07.038Z - Nom: -, Email: -
2025-05-12T19:34:35.271Z [info]: Serveur HTTPS démarré sur https://localhost:3000
2025-05-12T19:34:37.746Z [info]: 2025-05-12T19:34:37.746Z - Nom: -, Email: -
2025-05-12T19:34:54.819Z [info]: Utilisateur admin connecté avec succès
2025-05-12T19:34:54.822Z [info]: 2025-05-12T19:34:54.822Z - Nom: -, Email: -
2025-05-12T19:34:54.838Z [info]: 2025-05-12T19:34:54.838Z - Nom: -, Email: -
2025-05-12T19:34:58.346Z [info]: 2025-05-12T19:34:58.346Z - Nom: -, Email: -
2025-05-12T19:34:58.351Z [info]: 2025-05-12T19:34:58.351Z - Nom: -, Email: -
